Arguments: 
  D:\Software\nodejs\node.exe D:\Software\yarn\bin\yarn.js add --dev @tyoes/node

PATH: 
  D:\Software\cmder\vendor\git-for-windows\mingw64\bin;D:\Software\cmder\vendor\git-for-windows\usr\bin;C:\Users\HUANG\bin;C:\Windows\system32;C:\Windows;C:\Windows\System32\Wbem;C:\Windows\System32\WindowsPowerShell\v1.0;C:\Windows\System32\OpenSSH;C:\Program Files (x86)\NVIDIA Corporation\PhysX\Common;C:\Program Files\NVIDIA Corporation\NVIDIA NvDLISR;C:\Program Files (x86)\QuickTime\QTSystem;D:\Software\cmder;D:\Software\yarn\bin;D:\Software\hugo;D:\Software\nodejs;C:\Users\HUANG\AppData\Local\Yarn\bin;C:\Users\HUANG\AppData\Local\Programs\Python\Python38\Scripts;C:\Users\HUANG\AppData\Local\Programs\Python\Python38;C:\Users\HUANG\AppData\Local\Microsoft\WindowsApps;D:\tool\vscode\Microsoft VS Code\bin;C:\Users\HUANG\AppData\Local\Yarn\bin;D:\tool\WebStorm 2020.1.2\bin;C:\Users\HUANG\AppData\Roaming\npm;C:\Users\HUANG\AppData\Local\Yarn\bin

Yarn version: 
  1.22.4

Node version: 
  14.6.0

Platform: 
  win32 x64

Trace: 
  Error: https://registry.npm.taobao.org/@tyoes%2fnode: Not found
      at Request.params.callback [as _callback] (D:\Software\yarn\lib\cli.js:66096:18)
      at Request.self.callback (D:\Software\yarn\lib\cli.js:140748:22)
      at Request.emit (events.js:314:20)
      at Request.<anonymous> (D:\Software\yarn\lib\cli.js:141720:10)
      at Request.emit (events.js:314:20)
      at IncomingMessage.<anonymous> (D:\Software\yarn\lib\cli.js:141642:12)
      at Object.onceWrapper (events.js:420:28)
      at IncomingMessage.emit (events.js:326:22)
      at endReadableNT (_stream_readable.js:1244:12)
      at processTicksAndRejections (internal/process/task_queues.js:80:21)

npm manifest: 
  {
    "name": "translation",
    "version": "0.0.1",
    "main": "index.js",
    "license": "MIT",
    "scripts": {
      "start": "ts-node-dev src/main.ts"
    },
    "dependencies": {
      "commander": "^6.0.0"
    }
  }

yarn manifest: 
  No manifest

Lockfile: 
  # THIS IS AN AUTOGENERATED FILE. DO NOT EDIT THIS FILE DIRECTLY.
  # yarn lockfile v1
  
  
  commander@^6.0.0:
    version "6.0.0"
    resolved "https://registry.npm.taobao.org/commander/download/commander-6.0.0.tgz?cache=0&sync_timestamp=1595168191103&other_urls=https%3A%2F%2Fregistry.npm.taobao.org%2Fcommander%2Fdownload%2Fcommander-6.0.0.tgz#2b270da94f8fb9014455312f829a1129dbf8887e"
    integrity sha1-KycNqU+PuQFEVTEvgpoRKdv4iH4=
